2025-05-10 15:53:00 | INFO | repo=tictactoe | action=commit
2025-05-05 09:35:00 | INFO | repo=tictactoe | action=pull
2025-06-15 17:26:00 | WARN | repo=tictactoe | action=pull
2025-02-17 07:39:00 | WARN | repo=tictactoe | action=commit
2025-03-18 19:23:00 | WARN | repo=tictactoe | action=commit
2025-08-24 21:23:00 | DEBUG | repo=tictactoe | action=test | passed=true
2025-11-02 10:57:00 | INFO | repo=tictactoe | action=commit
2025-09-09 09:00:00 | WARN | repo=tictactoe | action=commit
2025-02-16 20:01:00 | WARN | repo=tictactoe | action=edit | files=1
2025-11-01 15:22:00 | WARN | repo=tictactoe | action=commit
2025-06-16 15:51:00 | INFO | repo=tictactoe | action=edit | files=3
2025-03-06 20:29:00 | WARN | repo=tictactoe | action=commit
2025-01-11 16:07:00 | WARN | repo=tictactoe | action=commit
2025-06-21 17:45:00 | INFO | repo=tictactoe | action=commit
2025-02-04 15:55:00 | DEBUG | repo=tictactoe | action=commit
2025-04-10 08:47:00 | WARN | repo=tictactoe | action=pull
2025-01-14 13:58:00 | INFO | repo=tictactoe | action=commit
2025-11-05 15:18:00 | INFO | repo=tictactoe | action=commit
2025-08-11 08:23:00 | WARN | repo=tictactoe | action=test | passed=true
2025-06-27 07:57:00 | DEBUG | repo=tictactoe | action=commit
2025-01-06 08:26:00 | INFO | repo=tictactoe | action=commit
2025-11-09 08:24:00 | WARN | repo=tictactoe | action=edit | files=1
2025-10-05 20:35:00 | INFO | repo=tictactoe | action=commit
2025-09-21 08:35:00 | WARN | repo=tictactoe | action=commit
2025-11-25 09:11:00 | WARN | repo=tictactoe | action=pull
2025-05-11 09:33:00 | WARN | repo=tictactoe | action=commit
2025-09-08 21:12:00 | WARN | repo=tictactoe | action=commit
2025-01-10 18:37:00 | WARN | repo=tictactoe | action=test | passed=true
2025-12-23 15:18:00 | INFO | repo=tictactoe | action=commit
2025-06-04 14:34:00 | INFO | repo=tictactoe | action=commit
2025-05-13 09:58:00 | WARN | repo=tictactoe | action=commit
2025-09-01 15:29:00 | INFO | repo=tictactoe | action=commit
2025-07-14 19:54:00 | INFO | repo=tictactoe | action=commit
2025-11-03 13:20:00 | WARN | repo=tictactoe | action=commit
2025-06-17 16:25:00 | DEBUG | repo=tictactoe | action=pull
2025-01-10 11:05:00 | DEBUG | repo=tictactoe | action=commit
2025-12-17 09:08:00 | WARN | repo=tictactoe | action=commit
2025-07-26 08:17:00 | WARN | repo=tictactoe | action=test | passed=true
2025-03-12 11:57:00 | INFO | repo=tictactoe | action=commit
2025-05-21 17:48:00 | WARN | repo=tictactoe | action=commit
2025-02-07 14:13:00 | INFO | repo=tictactoe | action=pull
2025-04-08 13:53:00 | INFO | repo=tictactoe | action=commit
2025-12-16 18:22:00 | WARN | repo=tictactoe | action=pull
2025-09-19 18:16:00 | INFO | repo=tictactoe | action=edit | files=1
2025-11-14 09:29:00 | DEBUG | repo=tictactoe | action=commit
